<?xml version="1.0" encoding="UTF-8"?>
<!-- Generated by org.testng.reporters.JUnitXMLReporter -->
<testsuite ignored="0" hostname="DESKTOP-UBM0S90" failures="0" tests="5" name="Default test" time="45.232" errors="0" timestamp="2023-06-26T15:49:43 IST">
  <testcase classname="com.automation.tests.Testcase" name="testHomepage" time="10.185"/>
  <testcase classname="com.automation.tests.Testcase" name="testInalidLoginNoCredentials" time="3.498"/>
  <testcase classname="com.automation.tests.Testcase" name="testInalidLoginNoPassword" time="3.345"/>
  <testcase classname="com.automation.tests.Testcase" name="testInalidLoginNoUsername" time="4.572"/>
  <testcase classname="com.automation.tests.Testcase" name="testValidLogin" time="3.471"/>
</testsuite> <!-- Default test -->
