<?xml version="1.0" encoding="UTF-8"?>
<testng-results ignored="0" total="5" passed="5" failed="0" skipped="0">
  <reporter-output>
  </reporter-output>
  <suite started-at="2023-06-26T15:48:58 IST" name="Default suite" finished-at="2023-06-26T15:49:43 IST" duration-ms="45232">
    <groups>
    </groups>
    <test started-at="2023-06-26T15:48:58 IST" name="Default test" finished-at="2023-06-26T15:49:43 IST" duration-ms="45232">
      <class name="com.automation.tests.Testcase">
        <test-method is-config="true" signature="setUp()[pri:0, instance:com.automation.tests.Testcase@6d763516]" started-at="2023-06-26T15:48:58 IST" name="setUp" finished-at="2023-06-26T15:49:00 IST" duration-ms="2287" status="PASS">
          <reporter-output>
          </reporter-output>
        </test-method> <!-- setUp -->
        <test-method signature="testHomepage()[pri:0, instance:com.automation.tests.Testcase@6d763516]" started-at="2023-06-26T15:49:00 IST" name="testHomepage" finished-at="2023-06-26T15:49:10 IST" duration-ms="10185" status="PASS">
          <reporter-output>
          </reporter-output>
        </test-method> <!-- testHomepage -->
        <test-method is-config="true" signature="tearDown()[pri:0, instance:com.automation.tests.Testcase@6d763516]" started-at="2023-06-26T15:49:10 IST" name="tearDown" finished-at="2023-06-26T15:49:10 IST" duration-ms="186" status="PASS">
          <reporter-output>
          </reporter-output>
        </test-method> <!-- tearDown -->
        <test-method is-config="true" signature="setUp()[pri:0, instance:com.automation.tests.Testcase@6d763516]" started-at="2023-06-26T15:49:10 IST" name="setUp" finished-at="2023-06-26T15:49:12 IST" duration-ms="1804" status="PASS">
          <reporter-output>
          </reporter-output>
        </test-method> <!-- setUp -->
        <test-method signature="testInalidLoginNoCredentials()[pri:0, instance:com.automation.tests.Testcase@6d763516]" started-at="2023-06-26T15:49:12 IST" name="testInalidLoginNoCredentials" finished-at="2023-06-26T15:49:16 IST" duration-ms="3498" status="PASS">
          <reporter-output>
          </reporter-output>
        </test-method> <!-- testInalidLoginNoCredentials -->
        <test-method is-config="true" signature="tearDown()[pri:0, instance:com.automation.tests.Testcase@6d763516]" started-at="2023-06-26T15:49:16 IST" name="tearDown" finished-at="2023-06-26T15:49:17 IST" duration-ms="732" status="PASS">
          <reporter-output>
          </reporter-output>
        </test-method> <!-- tearDown -->
        <test-method is-config="true" signature="setUp()[pri:0, instance:com.automation.tests.Testcase@6d763516]" started-at="2023-06-26T15:49:17 IST" name="setUp" finished-at="2023-06-26T15:49:18 IST" duration-ms="1479" status="PASS">
          <reporter-output>
          </reporter-output>
        </test-method> <!-- setUp -->
        <test-method signature="testInalidLoginNoPassword()[pri:0, instance:com.automation.tests.Testcase@6d763516]" started-at="2023-06-26T15:49:18 IST" name="testInalidLoginNoPassword" finished-at="2023-06-26T15:49:21 IST" duration-ms="3345" status="PASS">
          <reporter-output>
          </reporter-output>
        </test-method> <!-- testInalidLoginNoPassword -->
        <test-method is-config="true" signature="tearDown()[pri:0, instance:com.automation.tests.Testcase@6d763516]" started-at="2023-06-26T15:49:21 IST" name="tearDown" finished-at="2023-06-26T15:49:22 IST" duration-ms="998" status="PASS">
          <reporter-output>
          </reporter-output>
        </test-method> <!-- tearDown -->
        <test-method is-config="true" signature="setUp()[pri:0, instance:com.automation.tests.Testcase@6d763516]" started-at="2023-06-26T15:49:22 IST" name="setUp" finished-at="2023-06-26T15:49:29 IST" duration-ms="6258" status="PASS">
          <reporter-output>
          </reporter-output>
        </test-method> <!-- setUp -->
        <test-method signature="testInalidLoginNoUsername()[pri:0, instance:com.automation.tests.Testcase@6d763516]" started-at="2023-06-26T15:49:29 IST" name="testInalidLoginNoUsername" finished-at="2023-06-26T15:49:33 IST" duration-ms="4572" status="PASS">
          <reporter-output>
          </reporter-output>
        </test-method> <!-- testInalidLoginNoUsername -->
        <test-method is-config="true" signature="tearDown()[pri:0, instance:com.automation.tests.Testcase@6d763516]" started-at="2023-06-26T15:49:33 IST" name="tearDown" finished-at="2023-06-26T15:49:34 IST" duration-ms="1010" status="PASS">
          <reporter-output>
          </reporter-output>
        </test-method> <!-- tearDown -->
        <test-method is-config="true" signature="setUp()[pri:0, instance:com.automation.tests.Testcase@6d763516]" started-at="2023-06-26T15:49:34 IST" name="setUp" finished-at="2023-06-26T15:49:38 IST" duration-ms="4255" status="PASS">
          <reporter-output>
          </reporter-output>
        </test-method> <!-- setUp -->
        <test-method signature="testValidLogin()[pri:0, instance:com.automation.tests.Testcase@6d763516]" started-at="2023-06-26T15:49:38 IST" name="testValidLogin" finished-at="2023-06-26T15:49:42 IST" duration-ms="3471" status="PASS">
          <reporter-output>
          </reporter-output>
        </test-method> <!-- testValidLogin -->
        <test-method is-config="true" signature="tearDown()[pri:0, instance:com.automation.tests.Testcase@6d763516]" started-at="2023-06-26T15:49:42 IST" name="tearDown" finished-at="2023-06-26T15:49:43 IST" duration-ms="1046" status="PASS">
          <reporter-output>
          </reporter-output>
        </test-method> <!-- tearDown -->
      </class> <!-- com.automation.tests.Testcase -->
    </test> <!-- Default test -->
  </suite> <!-- Default suite -->
</testng-results>
